
1111111111111111111111111111111111111111111111111111111111111111111111111111111111111111111111111111111111111111111111111
2222222222222222222222222222222222222222222222222222222222222222222222222222222222222222222222222222222222222222222222222
Test line1 aaaaaa
Test line2 bbbbbb
Test line3 cccccc
1111111111111111111111111111111111111111111111111111111111111111111111111111111111111111111111111111111111111111111111111
2222222222222222222222222222222222222222222222222222222222222222222222222222222222222222222222222222222222222222222222222
Test line1 aaaaaa
Test line2 bbbbbb
Test line3 cccccc
1111111111111111111111111111111111111111111111111111111111111111111111111111111111111111111111111111111111111111111111111
2222222222222222222222222222222222222222222222222222222222222222222222222222222222222222222222222222222222222222222222222
Test line1 aaaaaa
Test line2 bbbbbb
Test line3 cccccc
1111111111111111111111111111111111111111111111111111111111111111111111111111111111111111111111111111111111111111111111111
2222222222222222222222222222222222222222222222222222222222222222222222222222222222222222222222222222222222222222222222222
Test line1 aaaaaa
Test line2 bbbbbb
Test line3 cccccc
1111111111111111111111111111111111111111111111111111111111111111111111111111111111111111111111111111111111111111111111111
2222222222222222222222222222222222222222222222222222222222222222222222222222222222222222222222222222222222222222222222222
Test line1 aaaaaa
Test line2 bbbbbb
Test line3 cccccc
1111111111111111111111111111111111111111111111111111111111111111111111111111111111111111111111111111111111111111111111111
2222222222222222222222222222222222222222222222222222222222222222222222222222222222222222222222222222222222222222222222222
Test line1 aaaaaa
Test line2 bbbbbb
Test line3 cccccc
1111111111111111111111111111111111111111111111111111111111111111111111111111111111111111111111111111111111111111111111111
2222222222222222222222222222222222222222222222222222222222222222222222222222222222222222222222222222222222222222222222222
Test line1 aaaaaa
Test line2 bbbbbb
Test line3 cccccc
1111111111111111111111111111111111111111111111111111111111111111111111111111111111111111111111111111111111111111111111111
2222222222222222222222222222222222222222222222222222222222222222222222222222222222222222222222222222222222222222222222222
Test line1 aaaaaa
Test line2 bbbbbb
Test line3 cccccc
1111111111111111111111111111111111111111111111111111111111111111111111111111111111111111111111111111111111111111111111111
2222222222222222222222222222222222222222222222222222222222222222222222222222222222222222222222222222222222222222222222222
Test line1 aaaaaa
Test line2 bbbbbb
Test line3 cccccc
1111111111111111111111111111111111111111111111111111111111111111111111111111111111111111111111111111111111111111111111111
2222222222222222222222222222222222222222222222222222222222222222222222222222222222222222222222222222222222222222222222222
Test line1 aaaaaa
Test line2 bbbbbb
Test line3 cccccc
1111111111111111111111111111111111111111111111111111111111111111111111111111111111111111111111111111111111111111111111111
2222222222222222222222222222222222222222222222222222222222222222222222222222222222222222222222222222222222222222222222222
Test line1 aaaaaa
Test line2 bbbbbb
Test line3 cccccc
1111111111111111111111111111111111111111111111111111111111111111111111111111111111111111111111111111111111111111111111111
2222222222222222222222222222222222222222222222222222222222222222222222222222222222222222222222222222222222222222222222222

1111111111111111111111111111111111111111111111111111111111111111111111111111111111111111111111111111111111111111111111111
2222222222222222222222222222222222222222222222222222222222222222222222222222222222222222222222222222222222222222222222222
Test line1 aaaaaa
Test line2 bbbbbb
Test line3 cccccc
1111111111111111111111111111111111111111111111111111111111111111111111111111111111111111111111111111111111111111111111111
2222222222222222222222222222222222222222222222222222222222222222222222222222222222222222222222222222222222222222222222222
Test line1 aaaaaa
Test line2 bbbbbb
Test line3 cccccc
1111111111111111111111111111111111111111111111111111111111111111111111111111111111111111111111111111111111111111111111111
2222222222222222222222222222222222222222222222222222222222222222222222222222222222222222222222222222222222222222222222222
Test line1 aaaaaa
Test line2 bbbbbb
Test line3 cccccc
1111111111111111111111111111111111111111111111111111111111111111111111111111111111111111111111111111111111111111111111111
2222222222222222222222222222222222222222222222222222222222222222222222222222222222222222222222222222222222222222222222222
Test line1 aaaaaa
Test line2 bbbbbb
Test line3 cccccc
1111111111111111111111111111111111111111111111111111111111111111111111111111111111111111111111111111111111111111111111111
2222222222222222222222222222222222222222222222222222222222222222222222222222222222222222222222222222222222222222222222222
Test line1 aaaaaa
Test line2 bbbbbb
Test line3 cccccc
1111111111111111111111111111111111111111111111111111111111111111111111111111111111111111111111111111111111111111111111111
2222222222222222222222222222222222222222222222222222222222222222222222222222222222222222222222222222222222222222222222222
Test line1 aaaaaa
Test line2 bbbbbb
Test line3 cccccc
1111111111111111111111111111111111111111111111111111111111111111111111111111111111111111111111111111111111111111111111111
2222222222222222222222222222222222222222222222222222222222222222222222222222222222222222222222222222222222222222222222222
Test line1 aaaaaa
Test line2 bbbbbb
Test line3 cccccc
1111111111111111111111111111111111111111111111111111111111111111111111111111111111111111111111111111111111111111111111111
2222222222222222222222222222222222222222222222222222222222222222222222222222222222222222222222222222222222222222222222222
Test line1 aaaaaa
Test line2 bbbbbb
Test line3 cccccc
tttttttttttttttttttttttttttttt
xxxxxxxxxxxxxxxxxxxxxxxxxxxxx

1111111111111111111111111111111111111111111111111111111111111111111111111111111111111111111111111111111111111111111111111
2222222222222222222222222222222222222222222222222222222222222222222222222222222222222222222222222222222222222222222222222
Test line1 aaaaaa
Test line2 bbbbbb
Test line3 cccccc
1111111111111111111111111111111111111111111111111111111111111111111111111111111111111111111111111111111111111111111111111
2222222222222222222222222222222222222222222222222222222222222222222222222222222222222222222222222222222222222222222222222
Test line1 aaaaaa
Test line2 bbbbbb
Test line3 cccccc
1111111111111111111111111111111111111111111111111111111111111111111111111111111111111111111111111111111111111111111111111
2222222222222222222222222222222222222222222222222222222222222222222222222222222222222222222222222222222222222222222222222
Test line1 aaaaaa
Test line2 bbbbbb
Test line3 cccccc
1111111111111111111111111111111111111111111111111111111111111111111111111111111111111111111111111111111111111111111111111
1111111111111111111111111111111111111111111111111111111111111111111111111111111111111111111111111111111111111111111111111
2222222222222222222222222222222222222222222222222222222222222222222222222222222222222222222222222222222222222222222222222
Test line1 aaaaaa
Test line2 bbbbbb
Test line3 cccccc
1111111111111111111111111111111111111111111111111111111111111111111111111111111111111111111111111111111111111111111111111
2222222222222222222222222222222222222222222222222222222222222222222222222222222222222222222222222222222222222222222222222
Test line1 aaaaaa
Test line2 bbbbbb
Test line3 cccccc
11111111111111111111111111111111111111111111111111111111111111111111111111111111111111111111111111111111111111111111111112222222222222222222222222222222222222222222222222222222222222222222222222222222222222222222222222222222222222222222222222
Test line1 aaaaaa
Test line2 bbbbbb
Test line3 cccccc
Test line1 aaaaaa
Test line2 bbbbbb
Test line3 cccccc
Test line1 aaaaaa
Test line2 bbbbbb
Test line3 cccccc
Test line1 aaaaaa
5555
Test line1 aa

11111111111111111111111111111111111111111111111111111111111111111111111111111111111111111111111111111111111111111111111112222222222222222222222222222222222222222222222222222222222222222222222222222222222222222222222222222222222222222222222222
11111111111111111111111111111111111111111111111111111111111111111111111111111111111111111111111111111111111111111111111112222222222222222222222222222222222222222222222222222222222222222222222222222222222222222222222222222222222222222222222222
11111111111111111111111111111111111111111111111111111111111111111111111111111111111111111111111111111111111111111111111112222222222222222222222222222222222222222222222222222222222222222222222222222222222222222222222222222222222222222222222222

send message 如何实现
pipe limit